2021-02-08 11:26:25    hermes - power on ready 2 reboot Has started
2021-02-08 11:26:25    Power on with clicker has started
2021-02-08 11:26:25    Activate Clicker
2021-02-08 11:26:25    Pinging Host until it's On
2021-02-08 11:26:46    waitForPcToTurnOn - PC is OFF atempt 0
2021-02-08 11:27:01    waitForPcToTurnOn - PC is ON
2021-02-08 11:27:01    Host Pc is On
2021-02-08 11:27:01    power On With Clicker done successfully
2021-02-08 11:27:01    Power on with clicker has ended
2021-02-08 11:27:01    shutdown command has started
2021-02-08 11:27:01    create Communication
2021-02-08 11:27:20    Awaiting for 25seconds
2021-02-08 11:27:45    waitForPcToTurnOff - PC is OFF
2021-02-08 11:27:45    shutdown command has ended successfully
2021-02-08 11:27:45    Power on with clicker has started
2021-02-08 11:27:45    Activate Clicker
2021-02-08 11:27:46    Pinging Host until it's On
2021-02-08 11:28:07    waitForPcToTurnOn - PC is OFF atempt 0
2021-02-08 11:28:28    waitForPcToTurnOn - PC is OFF atempt 1
2021-02-08 11:28:49    waitForPcToTurnOn - PC is OFF atempt 2
2021-02-08 11:29:10    waitForPcToTurnOn - PC is OFF atempt 3
2021-02-08 11:29:31    waitForPcToTurnOn - PC is OFF atempt 4
2021-02-08 11:29:52    waitForPcToTurnOn - PC is OFF atempt 5
2021-02-08 11:30:13    waitForPcToTurnOn - PC is OFF atempt 6
2021-02-08 11:30:34    waitForPcToTurnOn - PC is OFF atempt 7
2021-02-08 11:30:55    waitForPcToTurnOn - PC is OFF atempt 8
2021-02-08 11:31:16    waitForPcToTurnOn - PC is OFF atempt 9
2021-02-08 11:31:37    waitForPcToTurnOn - PC is OFF atempt 10
2021-02-08 11:31:58    waitForPcToTurnOn - PC is OFF atempt 11
2021-02-08 11:32:19    waitForPcToTurnOn - PC is OFF atempt 12
2021-02-08 11:32:19    waitForPcToTurnOn - PC is ON
2021-02-08 11:32:19    Host Pc is On
2021-02-08 11:32:19    power On With Clicker done successfully
2021-02-08 11:32:19    Power on with clicker has ended
2021-02-08 11:32:19    shutdown command has started
2021-02-08 11:32:19    create Communication
2021-02-08 11:32:38    Awaiting for 240seconds
2021-02-08 11:36:38    waitForPcToTurnOff - PC is OFF
2021-02-08 11:36:38    shutdown command has ended successfully
2021-02-08 11:36:38    Power on with clicker has started
2021-02-08 11:36:38    Activate Clicker
2021-02-08 11:36:39    Pinging Host until it's On
2021-02-08 11:37:00    waitForPcToTurnOn - PC is OFF atempt 0
2021-02-08 11:37:21    waitForPcToTurnOn - PC is OFF atempt 1
2021-02-08 11:37:42    waitForPcToTurnOn - PC is OFF atempt 2
2021-02-08 11:38:03    waitForPcToTurnOn - PC is OFF atempt 3
2021-02-08 11:38:24    waitForPcToTurnOn - PC is OFF atempt 4
2021-02-08 11:38:45    waitForPcToTurnOn - PC is OFF atempt 5
2021-02-08 11:39:06    waitForPcToTurnOn - PC is OFF atempt 6
2021-02-08 11:39:27    waitForPcToTurnOn - PC is OFF atempt 7
2021-02-08 11:39:48    waitForPcToTurnOn - PC is OFF atempt 8
2021-02-08 11:40:09    waitForPcToTurnOn - PC is OFF atempt 9
2021-02-08 11:40:30    waitForPcToTurnOn - PC is OFF atempt 10
2021-02-08 11:40:51    waitForPcToTurnOn - PC is OFF atempt 11
2021-02-08 11:41:12    waitForPcToTurnOn - PC is OFF atempt 12
2021-02-08 11:41:33    waitForPcToTurnOn - PC is OFF atempt 13
2021-02-08 11:41:54    waitForPcToTurnOn - PC is OFF atempt 14
2021-02-08 11:42:15    waitForPcToTurnOn - PC is OFF atempt 15
2021-02-08 11:42:36    waitForPcToTurnOn - PC is OFF atempt 16
2021-02-08 11:42:57    waitForPcToTurnOn - PC is OFF atempt 17
2021-02-08 11:43:18    waitForPcToTurnOn - PC is OFF atempt 18
2021-02-08 11:43:39    waitForPcToTurnOn - PC is OFF atempt 19
