2021-02-08 14:01:55    hermes - power on ready 2 reboot Has started
2021-02-08 14:01:55    shutdown command has started
2021-02-08 14:01:55    create Communication
2021-02-08 14:02:13    Awaiting for 240seconds
2021-02-08 14:06:13    waitForPcToTurnOff - PC is OFF
2021-02-08 14:06:13    shutdown command has ended successfully
2021-02-08 14:06:13    Power on with clicker has started
2021-02-08 14:06:13    Activate Clicker
2021-02-08 14:06:14    Pinging Host until it's On
2021-02-08 14:06:35    waitForPcToTurnOn - PC is OFF atempt 0
2021-02-08 14:06:56    waitForPcToTurnOn - PC is OFF atempt 1
2021-02-08 14:07:17    waitForPcToTurnOn - PC is OFF atempt 2
2021-02-08 14:07:38    waitForPcToTurnOn - PC is OFF atempt 3
2021-02-08 14:07:38    waitForPcToTurnOn - PC is ON
2021-02-08 14:07:38    Host Pc is On
2021-02-08 14:07:38    power On With Clicker done successfully
2021-02-08 14:07:38    Power on with clicker has ended
2021-02-08 14:07:38    shutdown command has started
2021-02-08 14:07:38    create Communication
2021-02-08 14:07:57    Awaiting for 240seconds
2021-02-08 14:11:57    waitForPcToTurnOff - PC is OFF
2021-02-08 14:11:57    shutdown command has ended successfully
2021-02-08 14:11:57    Power on with clicker has started
2021-02-08 14:11:57    Activate Clicker
2021-02-08 14:11:58    Pinging Host until it's On
2021-02-08 14:12:19    waitForPcToTurnOn - PC is OFF atempt 0
2021-02-08 14:12:40    waitForPcToTurnOn - PC is OFF atempt 1
2021-02-08 14:13:01    waitForPcToTurnOn - PC is OFF atempt 2
2021-02-08 14:13:22    waitForPcToTurnOn - PC is OFF atempt 3
2021-02-08 14:13:43    waitForPcToTurnOn - PC is OFF atempt 4
2021-02-08 14:14:04    waitForPcToTurnOn - PC is OFF atempt 5
2021-02-08 14:14:25    waitForPcToTurnOn - PC is OFF atempt 6
2021-02-08 14:14:46    waitForPcToTurnOn - PC is OFF atempt 7
2021-02-08 14:15:07    waitForPcToTurnOn - PC is OFF atempt 8
2021-02-08 14:15:28    waitForPcToTurnOn - PC is OFF atempt 9
2021-02-08 14:15:49    waitForPcToTurnOn - PC is OFF atempt 10
2021-02-08 14:16:10    waitForPcToTurnOn - PC is OFF atempt 11
2021-02-08 14:16:31    waitForPcToTurnOn - PC is OFF atempt 12
2021-02-08 14:16:52    waitForPcToTurnOn - PC is OFF atempt 13
2021-02-08 14:17:13    waitForPcToTurnOn - PC is OFF atempt 14
2021-02-08 14:17:34    waitForPcToTurnOn - PC is OFF atempt 15
2021-02-08 14:17:55    waitForPcToTurnOn - PC is OFF atempt 16
2021-02-08 14:18:16    waitForPcToTurnOn - PC is OFF atempt 17
2021-02-08 14:18:37    waitForPcToTurnOn - PC is OFF atempt 18
2021-02-08 14:18:58    waitForPcToTurnOn - PC is OFF atempt 19
2021-02-08 14:19:19    waitForPcToTurnOn - PC is OFF atempt 20
2021-02-08 14:19:40    waitForPcToTurnOn - PC is OFF atempt 21
2021-02-08 14:20:01    waitForPcToTurnOn - PC is OFF atempt 22
2021-02-08 14:20:22    waitForPcToTurnOn - PC is OFF atempt 23
2021-02-08 14:20:43    waitForPcToTurnOn - PC is OFF atempt 24
2021-02-08 14:21:04    waitForPcToTurnOn - PC is OFF atempt 25
2021-02-08 14:21:25    waitForPcToTurnOn - PC is OFF atempt 26
2021-02-08 14:21:46    waitForPcToTurnOn - PC is OFF atempt 27
2021-02-08 14:22:07    waitForPcToTurnOn - PC is OFF atempt 28
2021-02-08 14:22:28    waitForPcToTurnOn - PC is OFF atempt 29
2021-02-08 14:22:49    waitForPcToTurnOn - PC is OFF atempt 30
2021-02-08 14:23:10    waitForPcToTurnOn - PC is OFF atempt 31
2021-02-08 14:23:31    waitForPcToTurnOn - PC is OFF atempt 32
2021-02-08 14:23:52    waitForPcToTurnOn - PC is OFF atempt 33
2021-02-08 14:24:13    waitForPcToTurnOn - PC is OFF atempt 34
2021-02-08 14:24:34    waitForPcToTurnOn - PC is OFF atempt 35
2021-02-08 14:24:55    waitForPcToTurnOn - PC is OFF atempt 36
2021-02-08 14:25:16    waitForPcToTurnOn - PC is OFF atempt 37
2021-02-08 14:25:37    waitForPcToTurnOn - PC is OFF atempt 38
2021-02-08 14:25:58    waitForPcToTurnOn - PC is OFF atempt 39
2021-02-08 14:25:58    Host Pc is Off
 power On With Clicker Failed
2021-02-08 14:25:58    Power on with clicker has ended
2021-02-08 14:25:58    powerOnWithClicker op failed
2021-02-08 14:25:58    hermes - power on ready 2 reboot Has Failed
